{"/home/tj/web-dev/hellhouse/src/scripts/deleteHouse.ts": {"path":"/home/tj/web-dev/hellhouse/src/scripts/deleteHouse.ts","statementMap":{"0":{"start":{"line":1,"column":14},"end":{"line":1,"column":64}},"1":{"start":{"line":8,"column":2},"end":{"line":10,"column":null}},"2":{"start":{"line":9,"column":4},"end":{"line":9,"column":40}},"3":{"start":{"line":11,"column":2},"end":{"line":11,"column":37}},"4":{"start":{"line":11,"column":26},"end":{"line":11,"column":37}},"5":{"start":{"line":12,"column":2},"end":{"line":12,"column":57}},"6":{"start":{"line":12,"column":36},"end":{"line":12,"column":57}},"7":{"start":{"line":13,"column":2},"end":{"line":13,"column":57}},"8":{"start":{"line":13,"column":36},"end":{"line":13,"column":57}},"9":{"start":{"line":3,"column":0},"end":{"line":3,"column":24}}},"fnMap":{"0":{"name":"deleteHouse","decl":{"start":{"line":3,"column":24},"end":{"line":3,"column":35}},"loc":{"start":{"line":6,"column":26},"end":{"line":14,"column":1}}}},"branchMap":{"0":{"loc":{"start":{"line":8,"column":9},"end":{"line":8,"column":26}},"type":"cond-expr","locations":[{"start":{"line":8,"column":14},"end":{"line":8,"column":16}},{"start":{"line":8,"column":9},"end":{"line":8,"column":26}}]},"1":{"loc":{"start":{"line":8,"column":9},"end":{"line":8,"column":16}},"type":"binary-expr","locations":[{"start":{"line":8,"column":9},"end":{"line":8,"column":16}},{"start":{"line":8,"column":9},"end":{"line":8,"column":16}}]}},"s":{"0":1,"1":3,"2":0,"3":3,"4":9,"5":3,"6":6,"7":3,"8":6,"9":1},"f":{"0":3},"b":{"0":[3,0],"1":[3,0]}}
,"/home/tj/web-dev/hellhouse/src/scripts/getRandomInt.ts": {"path":"/home/tj/web-dev/hellhouse/src/scripts/getRandomInt.ts","statementMap":{"0":{"start":{"line":2,"column":2},"end":{"line":2,"column":41}},"1":{"start":{"line":1,"column":0},"end":{"line":1,"column":24}}},"fnMap":{"0":{"name":"getRandomInt","decl":{"start":{"line":1,"column":24},"end":{"line":1,"column":36}},"loc":{"start":{"line":1,"column":48},"end":{"line":3,"column":1}}}},"branchMap":{},"s":{"0":14,"1":2},"f":{"0":14},"b":{}}
,"/home/tj/web-dev/hellhouse/src/scripts/moveKiller.ts": {"path":"/home/tj/web-dev/hellhouse/src/scripts/moveKiller.ts","statementMap":{"0":{"start":{"line":1,"column":0},"end":{"line":1,"column":42}},"1":{"start":{"line":8,"column":14},"end":{"line":8,"column":42}},"2":{"start":{"line":9,"column":17},"end":{"line":9,"column":42}},"3":{"start":{"line":10,"column":2},"end":{"line":17,"column":null}},"4":{"start":{"line":14,"column":4},"end":{"line":14,"column":46}},"5":{"start":{"line":15,"column":4},"end":{"line":15,"column":80}},"6":{"start":{"line":16,"column":4},"end":{"line":16,"column":36}},"7":{"start":{"line":18,"column":2},"end":{"line":27,"column":null}},"8":{"start":{"line":22,"column":4},"end":{"line":22,"column":46}},"9":{"start":{"line":23,"column":4},"end":{"line":25,"column":28}},"10":{"start":{"line":26,"column":4},"end":{"line":26,"column":39}},"11":{"start":{"line":28,"column":2},"end":{"line":28,"column":50}},"12":{"start":{"line":3,"column":0},"end":{"line":3,"column":24}}},"fnMap":{"0":{"name":"moveKiller","decl":{"start":{"line":3,"column":24},"end":{"line":3,"column":34}},"loc":{"start":{"line":6,"column":26},"end":{"line":29,"column":1}}}},"branchMap":{"0":{"loc":{"start":{"line":10,"column":2},"end":{"line":17,"column":null}},"type":"if","locations":[{"start":{"line":10,"column":2},"end":{"line":17,"column":null}}]},"1":{"loc":{"start":{"line":11,"column":4},"end":{"line":12,"column":68}},"type":"binary-expr","locations":[{"start":{"line":11,"column":4},"end":{"line":11,"column":29}},{"start":{"line":12,"column":5},"end":{"line":12,"column":34}},{"start":{"line":12,"column":38},"end":{"line":12,"column":67}}]},"2":{"loc":{"start":{"line":14,"column":4},"end":{"line":14,"column":45}},"type":"cond-expr","locations":[{"start":{"line":14,"column":24},"end":{"line":14,"column":26}},{"start":{"line":14,"column":24},"end":{"line":14,"column":45}}]},"3":{"loc":{"start":{"line":14,"column":4},"end":{"line":14,"column":26}},"type":"binary-expr","locations":[{"start":{"line":14,"column":4},"end":{"line":14,"column":26}},{"start":{"line":14,"column":24},"end":{"line":14,"column":26}}]},"4":{"loc":{"start":{"line":15,"column":4},"end":{"line":15,"column":79}},"type":"cond-expr","locations":[{"start":{"line":15,"column":58},"end":{"line":15,"column":60}},{"start":{"line":15,"column":58},"end":{"line":15,"column":79}}]},"5":{"loc":{"start":{"line":15,"column":4},"end":{"line":15,"column":60}},"type":"binary-expr","locations":[{"start":{"line":15,"column":4},"end":{"line":15,"column":60}},{"start":{"line":15,"column":58},"end":{"line":15,"column":60}}]},"6":{"loc":{"start":{"line":18,"column":2},"end":{"line":27,"column":null}},"type":"if","locations":[{"start":{"line":18,"column":2},"end":{"line":27,"column":null}}]},"7":{"loc":{"start":{"line":19,"column":4},"end":{"line":20,"column":74}},"type":"binary-expr","locations":[{"start":{"line":19,"column":4},"end":{"line":19,"column":32}},{"start":{"line":20,"column":5},"end":{"line":20,"column":37}},{"start":{"line":20,"column":41},"end":{"line":20,"column":73}}]},"8":{"loc":{"start":{"line":22,"column":4},"end":{"line":22,"column":45}},"type":"cond-expr","locations":[{"start":{"line":22,"column":24},"end":{"line":22,"column":26}},{"start":{"line":22,"column":24},"end":{"line":22,"column":45}}]},"9":{"loc":{"start":{"line":22,"column":4},"end":{"line":22,"column":26}},"type":"binary-expr","locations":[{"start":{"line":22,"column":4},"end":{"line":22,"column":26}},{"start":{"line":22,"column":24},"end":{"line":22,"column":26}}]},"10":{"loc":{"start":{"line":23,"column":4},"end":{"line":25,"column":27}},"type":"cond-expr","locations":[{"start":{"line":24,"column":55},"end":{"line":24,"column":null}},{"start":{"line":24,"column":55},"end":{"line":25,"column":27}}]},"11":{"loc":{"start":{"line":23,"column":4},"end":{"line":24,"column":null}},"type":"binary-expr","locations":[{"start":{"line":23,"column":4},"end":{"line":24,"column":null}},{"start":{"line":24,"column":55},"end":{"line":24,"column":null}}]}},"s":{"0":1,"1":5,"2":5,"3":5,"4":4,"5":4,"6":4,"7":1,"8":0,"9":0,"10":0,"11":1,"12":1},"f":{"0":5},"b":{"0":[4],"1":[5,5,4],"2":[3,1],"3":[4,1],"4":[4,0],"5":[4,0],"6":[0],"7":[1,0,0],"8":[0,0],"9":[0,0],"10":[0,0],"11":[0,0]}}
,"/home/tj/web-dev/hellhouse/src/scripts/movePlayer.ts": {"path":"/home/tj/web-dev/hellhouse/src/scripts/movePlayer.ts","statementMap":{"0":{"start":{"line":8,"column":2},"end":{"line":10,"column":null}},"1":{"start":{"line":9,"column":4},"end":{"line":9,"column":18}},"2":{"start":{"line":11,"column":2},"end":{"line":22,"column":null}},"3":{"start":{"line":17,"column":4},"end":{"line":17,"column":58}},"4":{"start":{"line":18,"column":4},"end":{"line":18,"column":46}},"5":{"start":{"line":19,"column":4},"end":{"line":19,"column":29}},"6":{"start":{"line":20,"column":4},"end":{"line":20,"column":38}},"7":{"start":{"line":21,"column":4},"end":{"line":21,"column":18}},"8":{"start":{"line":23,"column":2},"end":{"line":23,"column":14}},"9":{"start":{"line":1,"column":0},"end":{"line":1,"column":24}}},"fnMap":{"0":{"name":"movePlayer","decl":{"start":{"line":1,"column":24},"end":{"line":1,"column":34}},"loc":{"start":{"line":6,"column":26},"end":{"line":24,"column":1}}}},"branchMap":{"0":{"loc":{"start":{"line":8,"column":2},"end":{"line":10,"column":null}},"type":"if","locations":[{"start":{"line":8,"column":2},"end":{"line":10,"column":null}}]},"1":{"loc":{"start":{"line":8,"column":6},"end":{"line":8,"column":56}},"type":"binary-expr","locations":[{"start":{"line":8,"column":6},"end":{"line":8,"column":29}},{"start":{"line":8,"column":33},"end":{"line":8,"column":56}}]},"2":{"loc":{"start":{"line":11,"column":2},"end":{"line":22,"column":null}},"type":"if","locations":[{"start":{"line":11,"column":2},"end":{"line":22,"column":null}}]},"3":{"loc":{"start":{"line":12,"column":4},"end":{"line":15,"column":67}},"type":"binary-expr","locations":[{"start":{"line":12,"column":5},"end":{"line":12,"column":28}},{"start":{"line":13,"column":7},"end":{"line":13,"column":34}},{"start":{"line":13,"column":38},"end":{"line":13,"column":65}},{"start":{"line":14,"column":5},"end":{"line":14,"column":28}},{"start":{"line":15,"column":7},"end":{"line":15,"column":34}},{"start":{"line":15,"column":38},"end":{"line":15,"column":65}}]},"4":{"loc":{"start":{"line":17,"column":4},"end":{"line":17,"column":57}},"type":"cond-expr","locations":[{"start":{"line":17,"column":24},"end":{"line":17,"column":26}},{"start":{"line":17,"column":24},"end":{"line":17,"column":57}}]},"5":{"loc":{"start":{"line":17,"column":4},"end":{"line":17,"column":26}},"type":"binary-expr","locations":[{"start":{"line":17,"column":4},"end":{"line":17,"column":26}},{"start":{"line":17,"column":24},"end":{"line":17,"column":26}}]},"6":{"loc":{"start":{"line":18,"column":4},"end":{"line":18,"column":45}},"type":"cond-expr","locations":[{"start":{"line":18,"column":24},"end":{"line":18,"column":26}},{"start":{"line":18,"column":24},"end":{"line":18,"column":45}}]},"7":{"loc":{"start":{"line":18,"column":4},"end":{"line":18,"column":26}},"type":"binary-expr","locations":[{"start":{"line":18,"column":4},"end":{"line":18,"column":26}},{"start":{"line":18,"column":24},"end":{"line":18,"column":26}}]}},"s":{"0":3,"1":1,"2":2,"3":1,"4":1,"5":1,"6":1,"7":1,"8":1,"9":1},"f":{"0":3},"b":{"0":[1],"1":[3,1],"2":[1],"3":[2,0,0,2,1,1],"4":[0,1],"5":[1,1],"6":[0,1],"7":[1,1]}}
}
