{"/home/tj/web-dev/hellhouse/src/scripts/createEscapeRoom.ts": {"path":"/home/tj/web-dev/hellhouse/src/scripts/createEscapeRoom.ts","statementMap":{"0":{"start":{"line":1,"column":0},"end":{"line":1,"column":42}},"1":{"start":{"line":6,"column":12},"end":{"line":6,"column":33}},"2":{"start":{"line":7,"column":17},"end":{"line":7,"column":38}},"3":{"start":{"line":8,"column":2},"end":{"line":10,"column":null}},"4":{"start":{"line":9,"column":4},"end":{"line":9,"column":36}},"5":{"start":{"line":11,"column":2},"end":{"line":14,"column":4}},"6":{"start":{"line":3,"column":0},"end":{"line":3,"column":24}}},"fnMap":{"0":{"name":"createEscapeRoom","decl":{"start":{"line":3,"column":24},"end":{"line":3,"column":40}},"loc":{"start":{"line":4,"column":17},"end":{"line":15,"column":1}}}},"branchMap":{},"s":{"0":2,"1":2,"2":2,"3":2,"4":2,"5":2,"6":2},"f":{"0":2},"b":{}}
,"/home/tj/web-dev/hellhouse/src/scripts/createHouse.ts": {"path":"/home/tj/web-dev/hellhouse/src/scripts/createHouse.ts","statementMap":{"0":{"start":{"line":1,"column":0},"end":{"line":1,"column":50}},"1":{"start":{"line":2,"column":0},"end":{"line":2,"column":40}},"2":{"start":{"line":10,"column":16},"end":{"line":10,"column":66}},"3":{"start":{"line":11,"column":17},"end":{"line":11,"column":68}},"4":{"start":{"line":12,"column":17},"end":{"line":12,"column":68}},"5":{"start":{"line":14,"column":25},"end":{"line":14,"column":26}},"6":{"start":{"line":15,"column":28},"end":{"line":15,"column":51}},"7":{"start":{"line":16,"column":25},"end":{"line":16,"column":36}},"8":{"start":{"line":17,"column":28},"end":{"line":17,"column":51}},"9":{"start":{"line":19,"column":2},"end":{"line":19,"column":38}},"10":{"start":{"line":20,"column":2},"end":{"line":20,"column":41}},"11":{"start":{"line":21,"column":2},"end":{"line":21,"column":38}},"12":{"start":{"line":22,"column":2},"end":{"line":22,"column":41}},"13":{"start":{"line":24,"column":21},"end":{"line":24,"column":46}},"14":{"start":{"line":26,"column":2},"end":{"line":53,"column":null}},"15":{"start":{"line":26,"column":15},"end":{"line":26,"column":16}},"16":{"start":{"line":27,"column":4},"end":{"line":52,"column":null}},"17":{"start":{"line":27,"column":17},"end":{"line":27,"column":18}},"18":{"start":{"line":28,"column":19},"end":{"line":28,"column":48}},"19":{"start":{"line":29,"column":6},"end":{"line":29,"column":33}},"20":{"start":{"line":30,"column":6},"end":{"line":30,"column":38}},"21":{"start":{"line":31,"column":6},"end":{"line":33,"column":null}},"22":{"start":{"line":32,"column":8},"end":{"line":32,"column":42}},"23":{"start":{"line":34,"column":6},"end":{"line":43,"column":9}},"24":{"start":{"line":35,"column":8},"end":{"line":42,"column":10}},"25":{"start":{"line":44,"column":6},"end":{"line":44,"column":25}},"26":{"start":{"line":45,"column":6},"end":{"line":47,"column":null}},"27":{"start":{"line":46,"column":8},"end":{"line":46,"column":28}},"28":{"start":{"line":48,"column":6},"end":{"line":51,"column":null}},"29":{"start":{"line":49,"column":8},"end":{"line":49,"column":28}},"30":{"start":{"line":50,"column":8},"end":{"line":50,"column":42}},"31":{"start":{"line":55,"column":2},"end":{"line":55,"column":62}},"32":{"start":{"line":56,"column":2},"end":{"line":56,"column":59}},"33":{"start":{"line":58,"column":2},"end":{"line":58,"column":32}},"34":{"start":{"line":4,"column":0},"end":{"line":4,"column":24}}},"fnMap":{"0":{"name":"createHouse","decl":{"start":{"line":4,"column":24},"end":{"line":4,"column":35}},"loc":{"start":{"line":8,"column":26},"end":{"line":59,"column":1}}},"1":{"name":"(anonymous_2)","decl":{"start":{"line":34,"column":37},"end":{"line":34,"column":40}},"loc":{"start":{"line":34,"column":42},"end":{"line":43,"column":7}}}},"branchMap":{"0":{"loc":{"start":{"line":31,"column":6},"end":{"line":33,"column":null}},"type":"if","locations":[{"start":{"line":31,"column":6},"end":{"line":33,"column":null}}]},"1":{"loc":{"start":{"line":45,"column":6},"end":{"line":47,"column":null}},"type":"if","locations":[{"start":{"line":45,"column":6},"end":{"line":47,"column":null}}]},"2":{"loc":{"start":{"line":48,"column":6},"end":{"line":51,"column":null}},"type":"if","locations":[{"start":{"line":48,"column":6},"end":{"line":51,"column":null}}]}},"s":{"0":1,"1":1,"2":1,"3":1,"4":1,"5":1,"6":1,"7":1,"8":1,"9":1,"10":1,"11":1,"12":1,"13":1,"14":1,"15":1,"16":4,"17":4,"18":16,"19":16,"20":16,"21":16,"22":1,"23":16,"24":1,"25":16,"26":16,"27":1,"28":16,"29":1,"30":1,"31":1,"32":1,"33":1,"34":1},"f":{"0":1,"1":1},"b":{"0":[1],"1":[1],"2":[1]}}
,"/home/tj/web-dev/hellhouse/src/scripts/deleteHouse.ts": {"path":"/home/tj/web-dev/hellhouse/src/scripts/deleteHouse.ts","statementMap":{"0":{"start":{"line":1,"column":0},"end":{"line":1,"column":40}},"1":{"start":{"line":7,"column":16},"end":{"line":7,"column":66}},"2":{"start":{"line":8,"column":17},"end":{"line":8,"column":68}},"3":{"start":{"line":10,"column":2},"end":{"line":10,"column":33}},"4":{"start":{"line":11,"column":2},"end":{"line":11,"column":63}},"5":{"start":{"line":11,"column":27},"end":{"line":11,"column":63}},"6":{"start":{"line":12,"column":2},"end":{"line":12,"column":57}},"7":{"start":{"line":12,"column":36},"end":{"line":12,"column":57}},"8":{"start":{"line":13,"column":2},"end":{"line":13,"column":57}},"9":{"start":{"line":13,"column":36},"end":{"line":13,"column":57}},"10":{"start":{"line":14,"column":2},"end":{"line":14,"column":22}},"11":{"start":{"line":3,"column":0},"end":{"line":3,"column":24}}},"fnMap":{"0":{"name":"deleteHouse","decl":{"start":{"line":3,"column":24},"end":{"line":3,"column":35}},"loc":{"start":{"line":5,"column":26},"end":{"line":15,"column":1}}}},"branchMap":{},"s":{"0":1,"1":4,"2":4,"3":4,"4":4,"5":1,"6":4,"7":2,"8":4,"9":2,"10":4,"11":1},"f":{"0":4},"b":{}}
,"/home/tj/web-dev/hellhouse/src/scripts/gameCheck.ts": {"path":"/home/tj/web-dev/hellhouse/src/scripts/gameCheck.ts","statementMap":{"0":{"start":{"line":6,"column":23},"end":{"line":7,"column":null}},"1":{"start":{"line":9,"column":27},"end":{"line":10,"column":null}},"2":{"start":{"line":13,"column":2},"end":{"line":26,"column":null}},"3":{"start":{"line":17,"column":4},"end":{"line":17,"column":45}},"4":{"start":{"line":18,"column":4},"end":{"line":18,"column":29}},"5":{"start":{"line":19,"column":4},"end":{"line":19,"column":47}},"6":{"start":{"line":20,"column":9},"end":{"line":26,"column":null}},"7":{"start":{"line":24,"column":4},"end":{"line":24,"column":29}},"8":{"start":{"line":25,"column":4},"end":{"line":25,"column":50}},"9":{"start":{"line":1,"column":0},"end":{"line":1,"column":24}}},"fnMap":{"0":{"name":"gameCheck","decl":{"start":{"line":1,"column":24},"end":{"line":1,"column":33}},"loc":{"start":{"line":4,"column":30},"end":{"line":27,"column":1}}}},"branchMap":{"0":{"loc":{"start":{"line":13,"column":2},"end":{"line":26,"column":null}},"type":"if","locations":[{"start":{"line":13,"column":2},"end":{"line":26,"column":null}},{"start":{"line":20,"column":9},"end":{"line":26,"column":null}}]},"1":{"loc":{"start":{"line":14,"column":4},"end":{"line":15,"column":43}},"type":"binary-expr","locations":[{"start":{"line":14,"column":4},"end":{"line":14,"column":43}},{"start":{"line":15,"column":4},"end":{"line":15,"column":43}}]},"2":{"loc":{"start":{"line":20,"column":9},"end":{"line":26,"column":null}},"type":"if","locations":[{"start":{"line":20,"column":9},"end":{"line":26,"column":null}}]},"3":{"loc":{"start":{"line":21,"column":4},"end":{"line":22,"column":47}},"type":"binary-expr","locations":[{"start":{"line":21,"column":4},"end":{"line":21,"column":47}},{"start":{"line":22,"column":4},"end":{"line":22,"column":47}}]}},"s":{"0":4,"1":4,"2":4,"3":1,"4":1,"5":1,"6":3,"7":2,"8":2,"9":3},"f":{"0":4},"b":{"0":[1,3],"1":[4,2],"2":[2],"3":[3,2]}}
,"/home/tj/web-dev/hellhouse/src/scripts/getRandomInt.ts": {"path":"/home/tj/web-dev/hellhouse/src/scripts/getRandomInt.ts","statementMap":{"0":{"start":{"line":2,"column":2},"end":{"line":2,"column":41}},"1":{"start":{"line":1,"column":0},"end":{"line":1,"column":24}}},"fnMap":{"0":{"name":"getRandomInt","decl":{"start":{"line":1,"column":24},"end":{"line":1,"column":36}},"loc":{"start":{"line":1,"column":48},"end":{"line":3,"column":1}}}},"branchMap":{},"s":{"0":11,"1":6},"f":{"0":11},"b":{}}
,"/home/tj/web-dev/hellhouse/src/scripts/moveKiller.ts": {"path":"/home/tj/web-dev/hellhouse/src/scripts/moveKiller.ts","statementMap":{"0":{"start":{"line":1,"column":0},"end":{"line":1,"column":40}},"1":{"start":{"line":2,"column":0},"end":{"line":2,"column":40}},"2":{"start":{"line":9,"column":17},"end":{"line":9,"column":68}},"3":{"start":{"line":11,"column":15},"end":{"line":11,"column":58}},"4":{"start":{"line":12,"column":2},"end":{"line":12,"column":44}},"5":{"start":{"line":13,"column":2},"end":{"line":13,"column":72}},"6":{"start":{"line":14,"column":2},"end":{"line":14,"column":26}},"7":{"start":{"line":16,"column":2},"end":{"line":20,"column":null}},"8":{"start":{"line":17,"column":4},"end":{"line":19,"column":42}},"9":{"start":{"line":18,"column":6},"end":{"line":18,"column":36}},"10":{"start":{"line":19,"column":11},"end":{"line":19,"column":42}},"11":{"start":{"line":22,"column":2},"end":{"line":31,"column":null}},"12":{"start":{"line":23,"column":20},"end":{"line":23,"column":53}},"13":{"start":{"line":24,"column":4},"end":{"line":29,"column":12}},"14":{"start":{"line":25,"column":6},"end":{"line":25,"column":48}},"15":{"start":{"line":26,"column":6},"end":{"line":28,"column":30}},"16":{"start":{"line":30,"column":4},"end":{"line":30,"column":19}},"17":{"start":{"line":32,"column":2},"end":{"line":32,"column":14}},"18":{"start":{"line":4,"column":0},"end":{"line":4,"column":24}}},"fnMap":{"0":{"name":"moveKiller","decl":{"start":{"line":4,"column":24},"end":{"line":4,"column":34}},"loc":{"start":{"line":7,"column":20},"end":{"line":33,"column":1}}},"1":{"name":"(anonymous_2)","decl":{"start":{"line":24,"column":15},"end":{"line":24,"column":18}},"loc":{"start":{"line":24,"column":20},"end":{"line":29,"column":5}}}},"branchMap":{"0":{"loc":{"start":{"line":12,"column":2},"end":{"line":12,"column":43}},"type":"cond-expr","locations":[{"start":{"line":12,"column":22},"end":{"line":12,"column":24}},{"start":{"line":12,"column":22},"end":{"line":12,"column":43}}]},"1":{"loc":{"start":{"line":12,"column":2},"end":{"line":12,"column":24}},"type":"binary-expr","locations":[{"start":{"line":12,"column":2},"end":{"line":12,"column":24}},{"start":{"line":12,"column":22},"end":{"line":12,"column":24}}]},"2":{"loc":{"start":{"line":13,"column":2},"end":{"line":13,"column":71}},"type":"cond-expr","locations":[{"start":{"line":13,"column":50},"end":{"line":13,"column":52}},{"start":{"line":13,"column":50},"end":{"line":13,"column":71}}]},"3":{"loc":{"start":{"line":13,"column":2},"end":{"line":13,"column":52}},"type":"binary-expr","locations":[{"start":{"line":13,"column":2},"end":{"line":13,"column":52}},{"start":{"line":13,"column":50},"end":{"line":13,"column":52}}]},"4":{"loc":{"start":{"line":16,"column":2},"end":{"line":20,"column":null}},"type":"if","locations":[{"start":{"line":16,"column":2},"end":{"line":20,"column":null}}]},"5":{"loc":{"start":{"line":17,"column":4},"end":{"line":19,"column":42}},"type":"if","locations":[{"start":{"line":17,"column":4},"end":{"line":19,"column":42}},{"start":{"line":19,"column":11},"end":{"line":19,"column":42}}]},"6":{"loc":{"start":{"line":22,"column":2},"end":{"line":31,"column":null}},"type":"if","locations":[{"start":{"line":22,"column":2},"end":{"line":31,"column":null}}]},"7":{"loc":{"start":{"line":22,"column":6},"end":{"line":22,"column":60}},"type":"binary-expr","locations":[{"start":{"line":22,"column":6},"end":{"line":22,"column":30}},{"start":{"line":22,"column":34},"end":{"line":22,"column":60}}]},"8":{"loc":{"start":{"line":25,"column":6},"end":{"line":25,"column":47}},"type":"cond-expr","locations":[{"start":{"line":25,"column":26},"end":{"line":25,"column":28}},{"start":{"line":25,"column":26},"end":{"line":25,"column":47}}]},"9":{"loc":{"start":{"line":25,"column":6},"end":{"line":25,"column":28}},"type":"binary-expr","locations":[{"start":{"line":25,"column":6},"end":{"line":25,"column":28}},{"start":{"line":25,"column":26},"end":{"line":25,"column":28}}]},"10":{"loc":{"start":{"line":26,"column":6},"end":{"line":28,"column":29}},"type":"cond-expr","locations":[{"start":{"line":27,"column":54},"end":{"line":27,"column":null}},{"start":{"line":27,"column":54},"end":{"line":28,"column":29}}]},"11":{"loc":{"start":{"line":26,"column":6},"end":{"line":27,"column":null}},"type":"binary-expr","locations":[{"start":{"line":26,"column":6},"end":{"line":27,"column":null}},{"start":{"line":27,"column":54},"end":{"line":27,"column":null}}]}},"s":{"0":3,"1":3,"2":5,"3":5,"4":5,"5":5,"6":5,"7":5,"8":1,"9":1,"10":0,"11":5,"12":1,"13":1,"14":0,"15":0,"16":1,"17":4,"18":3},"f":{"0":5,"1":0},"b":{"0":[0,5],"1":[5,5],"2":[1,4],"3":[5,4],"4":[1],"5":[1,0],"6":[1],"7":[5,1],"8":[0,0],"9":[0,0],"10":[0,0],"11":[0,0]}}
,"/home/tj/web-dev/hellhouse/src/scripts/movePlayer.ts": {"path":"/home/tj/web-dev/hellhouse/src/scripts/movePlayer.ts","statementMap":{"0":{"start":{"line":6,"column":17},"end":{"line":6,"column":68}},"1":{"start":{"line":7,"column":17},"end":{"line":7,"column":29}},"2":{"start":{"line":9,"column":2},"end":{"line":11,"column":null}},"3":{"start":{"line":10,"column":4},"end":{"line":10,"column":18}},"4":{"start":{"line":13,"column":2},"end":{"line":24,"column":null}},"5":{"start":{"line":19,"column":4},"end":{"line":19,"column":58}},"6":{"start":{"line":20,"column":4},"end":{"line":20,"column":46}},"7":{"start":{"line":21,"column":4},"end":{"line":21,"column":29}},"8":{"start":{"line":22,"column":4},"end":{"line":22,"column":38}},"9":{"start":{"line":23,"column":4},"end":{"line":23,"column":18}},"10":{"start":{"line":26,"column":2},"end":{"line":26,"column":14}},"11":{"start":{"line":1,"column":0},"end":{"line":1,"column":24}}},"fnMap":{"0":{"name":"movePlayer","decl":{"start":{"line":1,"column":24},"end":{"line":1,"column":34}},"loc":{"start":{"line":4,"column":26},"end":{"line":27,"column":1}}}},"branchMap":{"0":{"loc":{"start":{"line":9,"column":2},"end":{"line":11,"column":null}},"type":"if","locations":[{"start":{"line":9,"column":2},"end":{"line":11,"column":null}}]},"1":{"loc":{"start":{"line":9,"column":6},"end":{"line":9,"column":56}},"type":"binary-expr","locations":[{"start":{"line":9,"column":6},"end":{"line":9,"column":29}},{"start":{"line":9,"column":33},"end":{"line":9,"column":56}}]},"2":{"loc":{"start":{"line":13,"column":2},"end":{"line":24,"column":null}},"type":"if","locations":[{"start":{"line":13,"column":2},"end":{"line":24,"column":null}}]},"3":{"loc":{"start":{"line":14,"column":4},"end":{"line":17,"column":67}},"type":"binary-expr","locations":[{"start":{"line":14,"column":5},"end":{"line":14,"column":28}},{"start":{"line":15,"column":7},"end":{"line":15,"column":34}},{"start":{"line":15,"column":38},"end":{"line":15,"column":65}},{"start":{"line":16,"column":5},"end":{"line":16,"column":28}},{"start":{"line":17,"column":7},"end":{"line":17,"column":34}},{"start":{"line":17,"column":38},"end":{"line":17,"column":65}}]},"4":{"loc":{"start":{"line":19,"column":4},"end":{"line":19,"column":57}},"type":"cond-expr","locations":[{"start":{"line":19,"column":24},"end":{"line":19,"column":26}},{"start":{"line":19,"column":24},"end":{"line":19,"column":57}}]},"5":{"loc":{"start":{"line":19,"column":4},"end":{"line":19,"column":26}},"type":"binary-expr","locations":[{"start":{"line":19,"column":4},"end":{"line":19,"column":26}},{"start":{"line":19,"column":24},"end":{"line":19,"column":26}}]},"6":{"loc":{"start":{"line":20,"column":4},"end":{"line":20,"column":45}},"type":"cond-expr","locations":[{"start":{"line":20,"column":24},"end":{"line":20,"column":26}},{"start":{"line":20,"column":24},"end":{"line":20,"column":45}}]},"7":{"loc":{"start":{"line":20,"column":4},"end":{"line":20,"column":26}},"type":"binary-expr","locations":[{"start":{"line":20,"column":4},"end":{"line":20,"column":26}},{"start":{"line":20,"column":24},"end":{"line":20,"column":26}}]}},"s":{"0":8,"1":8,"2":8,"3":1,"4":7,"5":5,"6":5,"7":5,"8":5,"9":5,"10":2,"11":3},"f":{"0":8},"b":{"0":[1],"1":[8,6],"2":[5],"3":[7,5,2,3,1,1],"4":[0,5],"5":[5,5],"6":[0,5],"7":[5,5]}}
,"/home/tj/web-dev/hellhouse/src/scripts/processTurn.ts": {"path":"/home/tj/web-dev/hellhouse/src/scripts/processTurn.ts","statementMap":{"0":{"start":{"line":1,"column":0},"end":{"line":1,"column":38}},"1":{"start":{"line":2,"column":0},"end":{"line":2,"column":38}},"2":{"start":{"line":3,"column":0},"end":{"line":3,"column":36}},"3":{"start":{"line":13,"column":28},"end":{"line":13,"column":74}},"4":{"start":{"line":15,"column":2},"end":{"line":28,"column":null}},"5":{"start":{"line":16,"column":4},"end":{"line":16,"column":59}},"6":{"start":{"line":16,"column":38},"end":{"line":16,"column":59}},"7":{"start":{"line":17,"column":4},"end":{"line":17,"column":46}},"8":{"start":{"line":18,"column":4},"end":{"line":18,"column":46}},"9":{"start":{"line":19,"column":30},"end":{"line":22,"column":null}},"10":{"start":{"line":24,"column":4},"end":{"line":24,"column":59}},"11":{"start":{"line":24,"column":38},"end":{"line":24,"column":59}},"12":{"start":{"line":25,"column":4},"end":{"line":25,"column":46}},"13":{"start":{"line":26,"column":4},"end":{"line":26,"column":46}},"14":{"start":{"line":27,"column":4},"end":{"line":27,"column":66}},"15":{"start":{"line":5,"column":0},"end":{"line":5,"column":24}}},"fnMap":{"0":{"name":"processTurn","decl":{"start":{"line":5,"column":24},"end":{"line":5,"column":35}},"loc":{"start":{"line":11,"column":30},"end":{"line":29,"column":1}}}},"branchMap":{"0":{"loc":{"start":{"line":15,"column":2},"end":{"line":28,"column":null}},"type":"if","locations":[{"start":{"line":15,"column":2},"end":{"line":28,"column":null}}]}},"s":{"0":2,"1":2,"2":2,"3":3,"4":3,"5":2,"6":4,"7":2,"8":2,"9":2,"10":2,"11":4,"12":2,"13":2,"14":2,"15":2},"f":{"0":3},"b":{"0":[2]}}
,"/home/tj/web-dev/hellhouse/src/scripts/smartKiller.ts": {"path":"/home/tj/web-dev/hellhouse/src/scripts/smartKiller.ts","statementMap":{"0":{"start":{"line":1,"column":0},"end":{"line":1,"column":42}},"1":{"start":{"line":7,"column":2},"end":{"line":13,"column":null}},"2":{"start":{"line":12,"column":4},"end":{"line":12,"column":26}},"3":{"start":{"line":14,"column":2},"end":{"line":20,"column":null}},"4":{"start":{"line":19,"column":4},"end":{"line":19,"column":26}},"5":{"start":{"line":21,"column":2},"end":{"line":27,"column":null}},"6":{"start":{"line":26,"column":4},"end":{"line":26,"column":26}},"7":{"start":{"line":28,"column":2},"end":{"line":34,"column":null}},"8":{"start":{"line":30,"column":4},"end":{"line":32,"column":null}},"9":{"start":{"line":31,"column":6},"end":{"line":31,"column":56}},"10":{"start":{"line":33,"column":4},"end":{"line":33,"column":54}},"11":{"start":{"line":35,"column":2},"end":{"line":41,"column":null}},"12":{"start":{"line":37,"column":4},"end":{"line":39,"column":null}},"13":{"start":{"line":38,"column":6},"end":{"line":38,"column":56}},"14":{"start":{"line":40,"column":4},"end":{"line":40,"column":54}},"15":{"start":{"line":43,"column":24},"end":{"line":43,"column":39}},"16":{"start":{"line":44,"column":2},"end":{"line":49,"column":null}},"17":{"start":{"line":45,"column":4},"end":{"line":47,"column":null}},"18":{"start":{"line":46,"column":6},"end":{"line":46,"column":56}},"19":{"start":{"line":48,"column":4},"end":{"line":48,"column":54}},"20":{"start":{"line":50,"column":2},"end":{"line":52,"column":null}},"21":{"start":{"line":51,"column":4},"end":{"line":51,"column":54}},"22":{"start":{"line":53,"column":2},"end":{"line":53,"column":52}},"23":{"start":{"line":3,"column":0},"end":{"line":3,"column":24}}},"fnMap":{"0":{"name":"smartKiller","decl":{"start":{"line":3,"column":24},"end":{"line":3,"column":35}},"loc":{"start":{"line":5,"column":26},"end":{"line":54,"column":1}}}},"branchMap":{"0":{"loc":{"start":{"line":7,"column":2},"end":{"line":13,"column":null}},"type":"if","locations":[{"start":{"line":7,"column":2},"end":{"line":13,"column":null}}]},"1":{"loc":{"start":{"line":9,"column":4},"end":{"line":10,"column":43}},"type":"binary-expr","locations":[{"start":{"line":9,"column":4},"end":{"line":9,"column":43}},{"start":{"line":10,"column":4},"end":{"line":10,"column":43}}]},"2":{"loc":{"start":{"line":14,"column":2},"end":{"line":20,"column":null}},"type":"if","locations":[{"start":{"line":14,"column":2},"end":{"line":20,"column":null}}]},"3":{"loc":{"start":{"line":16,"column":4},"end":{"line":17,"column":74}},"type":"binary-expr","locations":[{"start":{"line":16,"column":4},"end":{"line":16,"column":43}},{"start":{"line":17,"column":4},"end":{"line":17,"column":74}}]},"4":{"loc":{"start":{"line":17,"column":27},"end":{"line":17,"column":73}},"type":"binary-expr","locations":[{"start":{"line":17,"column":27},"end":{"line":17,"column":48}},{"start":{"line":17,"column":52},"end":{"line":17,"column":73}}]},"5":{"loc":{"start":{"line":21,"column":2},"end":{"line":27,"column":null}},"type":"if","locations":[{"start":{"line":21,"column":2},"end":{"line":27,"column":null}}]},"6":{"loc":{"start":{"line":23,"column":4},"end":{"line":24,"column":74}},"type":"binary-expr","locations":[{"start":{"line":23,"column":4},"end":{"line":23,"column":43}},{"start":{"line":24,"column":4},"end":{"line":24,"column":74}}]},"7":{"loc":{"start":{"line":24,"column":27},"end":{"line":24,"column":73}},"type":"binary-expr","locations":[{"start":{"line":24,"column":27},"end":{"line":24,"column":48}},{"start":{"line":24,"column":52},"end":{"line":24,"column":73}}]},"8":{"loc":{"start":{"line":28,"column":2},"end":{"line":34,"column":null}},"type":"if","locations":[{"start":{"line":28,"column":2},"end":{"line":34,"column":null}}]},"9":{"loc":{"start":{"line":30,"column":4},"end":{"line":32,"column":null}},"type":"if","locations":[{"start":{"line":30,"column":4},"end":{"line":32,"column":null}}]},"10":{"loc":{"start":{"line":35,"column":2},"end":{"line":41,"column":null}},"type":"if","locations":[{"start":{"line":35,"column":2},"end":{"line":41,"column":null}}]},"11":{"loc":{"start":{"line":37,"column":4},"end":{"line":39,"column":null}},"type":"if","locations":[{"start":{"line":37,"column":4},"end":{"line":39,"column":null}}]},"12":{"loc":{"start":{"line":44,"column":2},"end":{"line":49,"column":null}},"type":"if","locations":[{"start":{"line":44,"column":2},"end":{"line":49,"column":null}}]},"13":{"loc":{"start":{"line":45,"column":4},"end":{"line":47,"column":null}},"type":"if","locations":[{"start":{"line":45,"column":4},"end":{"line":47,"column":null}}]},"14":{"loc":{"start":{"line":50,"column":2},"end":{"line":52,"column":null}},"type":"if","locations":[{"start":{"line":50,"column":2},"end":{"line":52,"column":null}}]}},"s":{"0":4,"1":10,"2":0,"3":10,"4":0,"5":10,"6":0,"7":10,"8":7,"9":6,"10":1,"11":3,"12":2,"13":2,"14":0,"15":1,"16":1,"17":0,"18":0,"19":0,"20":1,"21":1,"22":0,"23":4},"f":{"0":10},"b":{"0":[0],"1":[10,7],"2":[0],"3":[10,7],"4":[7,0],"5":[0],"6":[10,2],"7":[2,0],"8":[7],"9":[6],"10":[2],"11":[2],"12":[0],"13":[0],"14":[1]}}
,"/home/tj/web-dev/hellhouse/src/scripts/turnCounter.ts": {"path":"/home/tj/web-dev/hellhouse/src/scripts/turnCounter.ts","statementMap":{"0":{"start":{"line":1,"column":20},"end":{"line":9,"column":2}},"1":{"start":{"line":4,"column":4},"end":{"line":4,"column":19}},"2":{"start":{"line":7,"column":4},"end":{"line":7,"column":18}},"3":{"start":{"line":11,"column":0},"end":{"line":11,"column":27}}},"fnMap":{"0":{"name":"(anonymous_0)","decl":{"start":{"line":3,"column":2},"end":{"line":3,"column":11}},"loc":{"start":{"line":3,"column":11},"end":{"line":5,"column":3}}},"1":{"name":"(anonymous_1)","decl":{"start":{"line":6,"column":2},"end":{"line":6,"column":7}},"loc":{"start":{"line":6,"column":7},"end":{"line":8,"column":3}}}},"branchMap":{},"s":{"0":5,"1":10,"2":9,"3":5},"f":{"0":10,"1":9},"b":{}}
}
