TN:
SF:src/scripts/createEscapeRoom.ts
FN:3,createEscapeRoom
FNF:1
FNH:1
FNDA:2,createEscapeRoom
DA:1,2
DA:3,2
DA:6,2
DA:7,2
DA:8,2
DA:9,2
DA:11,2
LF:7
LH:7
BRF:0
BRH:0
end_of_record
TN:
SF:src/scripts/createHouse.ts
FN:4,createHouse
FN:34,(anonymous_2)
FNF:2
FNH:2
FNDA:1,createHouse
FNDA:1,(anonymous_2)
DA:1,1
DA:2,1
DA:4,1
DA:10,1
DA:11,1
DA:12,1
DA:14,1
DA:15,1
DA:16,1
DA:17,1
DA:19,1
DA:20,1
DA:21,1
DA:22,1
DA:24,1
DA:26,1
DA:27,4
DA:28,16
DA:29,16
DA:30,16
DA:31,16
DA:32,1
DA:34,16
DA:35,1
DA:44,16
DA:45,16
DA:46,1
DA:48,16
DA:49,1
DA:50,1
DA:55,1
DA:56,1
DA:58,1
LF:33
LH:33
BRDA:31,0,0,1
BRDA:45,1,0,1
BRDA:48,2,0,1
BRF:3
BRH:3
end_of_record
TN:
SF:src/scripts/deleteHouse.ts
FN:3,deleteHouse
FNF:1
FNH:1
FNDA:4,deleteHouse
DA:1,1
DA:3,1
DA:7,4
DA:8,4
DA:10,4
DA:11,4
DA:12,4
DA:13,4
DA:14,4
LF:9
LH:9
BRF:0
BRH:0
end_of_record
TN:
SF:src/scripts/gameCheck.ts
FN:1,gameCheck
FNF:1
FNH:1
FNDA:4,gameCheck
DA:1,3
DA:6,4
DA:9,4
DA:13,4
DA:17,1
DA:18,1
DA:19,1
DA:20,3
DA:24,2
DA:25,2
LF:10
LH:10
BRDA:13,0,0,1
BRDA:13,0,1,3
BRDA:14,1,0,4
BRDA:14,1,1,2
BRDA:20,2,0,2
BRDA:21,3,0,3
BRDA:21,3,1,2
BRF:7
BRH:7
end_of_record
TN:
SF:src/scripts/getRandomInt.ts
FN:1,getRandomInt
FNF:1
FNH:1
FNDA:11,getRandomInt
DA:1,6
DA:2,11
LF:2
LH:2
BRF:0
BRH:0
end_of_record
TN:
SF:src/scripts/moveKiller.ts
FN:4,moveKiller
FN:24,(anonymous_2)
FNF:2
FNH:1
FNDA:5,moveKiller
FNDA:0,(anonymous_2)
DA:1,3
DA:2,3
DA:4,3
DA:9,5
DA:11,5
DA:12,5
DA:13,5
DA:14,5
DA:16,5
DA:17,1
DA:18,1
DA:19,0
DA:22,5
DA:23,1
DA:24,1
DA:25,0
DA:26,0
DA:30,1
DA:32,4
LF:19
LH:16
BRDA:12,0,0,0
BRDA:12,0,1,5
BRDA:12,1,0,5
BRDA:12,1,1,5
BRDA:13,2,0,1
BRDA:13,2,1,4
BRDA:13,3,0,5
BRDA:13,3,1,4
BRDA:16,4,0,1
BRDA:17,5,0,1
BRDA:17,5,1,0
BRDA:22,6,0,1
BRDA:22,7,0,5
BRDA:22,7,1,1
BRDA:25,8,0,0
BRDA:25,8,1,0
BRDA:25,9,0,0
BRDA:25,9,1,0
BRDA:26,10,0,0
BRDA:26,10,1,0
BRDA:26,11,0,0
BRDA:26,11,1,0
BRF:22
BRH:12
end_of_record
TN:
SF:src/scripts/movePlayer.ts
FN:1,movePlayer
FNF:1
FNH:1
FNDA:8,movePlayer
DA:1,3
DA:6,8
DA:7,8
DA:9,8
DA:10,1
DA:13,7
DA:19,5
DA:20,5
DA:21,5
DA:22,5
DA:23,5
DA:26,2
LF:12
LH:12
BRDA:9,0,0,1
BRDA:9,1,0,8
BRDA:9,1,1,6
BRDA:13,2,0,5
BRDA:14,3,0,7
BRDA:14,3,1,5
BRDA:14,3,2,2
BRDA:14,3,3,3
BRDA:14,3,4,1
BRDA:14,3,5,1
BRDA:19,4,0,0
BRDA:19,4,1,5
BRDA:19,5,0,5
BRDA:19,5,1,5
BRDA:20,6,0,0
BRDA:20,6,1,5
BRDA:20,7,0,5
BRDA:20,7,1,5
BRF:18
BRH:16
end_of_record
TN:
SF:src/scripts/processTurn.ts
FN:5,processTurn
FNF:1
FNH:1
FNDA:3,processTurn
DA:1,2
DA:2,2
DA:3,2
DA:5,2
DA:13,3
DA:15,3
DA:16,4
DA:17,2
DA:18,2
DA:19,2
DA:24,4
DA:25,2
DA:26,2
DA:27,2
LF:14
LH:14
BRDA:15,0,0,2
BRF:1
BRH:1
end_of_record
TN:
SF:src/scripts/smartKiller.ts
FN:3,smartKiller
FNF:1
FNH:1
FNDA:10,smartKiller
DA:1,4
DA:3,4
DA:7,10
DA:12,0
DA:14,10
DA:19,0
DA:21,10
DA:26,0
DA:28,10
DA:30,7
DA:31,6
DA:33,1
DA:35,3
DA:37,2
DA:38,2
DA:40,0
DA:43,1
DA:44,1
DA:45,0
DA:46,0
DA:48,0
DA:50,1
DA:51,1
DA:53,0
LF:24
LH:16
BRDA:7,0,0,0
BRDA:9,1,0,10
BRDA:9,1,1,7
BRDA:14,2,0,0
BRDA:16,3,0,10
BRDA:16,3,1,7
BRDA:17,4,0,7
BRDA:17,4,1,0
BRDA:21,5,0,0
BRDA:23,6,0,10
BRDA:23,6,1,2
BRDA:24,7,0,2
BRDA:24,7,1,0
BRDA:28,8,0,7
BRDA:30,9,0,6
BRDA:35,10,0,2
BRDA:37,11,0,2
BRDA:44,12,0,0
BRDA:45,13,0,0
BRDA:50,14,0,1
BRF:20
BRH:13
end_of_record
TN:
SF:src/scripts/turnCounter.ts
FN:3,(anonymous_0)
FN:6,(anonymous_1)
FNF:2
FNH:2
FNDA:10,(anonymous_0)
FNDA:9,(anonymous_1)
DA:1,5
DA:4,10
DA:7,9
DA:11,5
LF:4
LH:4
BRF:0
BRH:0
end_of_record
