TN:
SF:src/scripts/deleteHouse.ts
FN:3,deleteHouse
FNF:1
FNH:1
FNDA:4,deleteHouse
DA:1,1
DA:3,1
DA:7,4
DA:8,4
DA:9,4
DA:10,4
DA:11,8
DA:12,8
DA:13,4
LF:9
LH:9
BRDA:9,0,0,4
BRDA:10,1,0,0
BRDA:10,1,1,5
BRDA:10,2,0,5
BRDA:10,2,1,5
BRF:5
BRH:4
end_of_record
TN:
SF:src/scripts/getRandomInt.ts
FN:1,getRandomInt
FNF:1
FNH:1
FNDA:4,getRandomInt
DA:1,3
DA:2,4
LF:2
LH:2
BRF:0
BRH:0
end_of_record
TN:
SF:src/scripts/moveKiller.ts
FN:4,moveKiller
FN:23,(anonymous_2)
FNF:2
FNH:1
FNDA:3,moveKiller
FNDA:0,(anonymous_2)
DA:1,1
DA:2,1
DA:4,1
DA:9,3
DA:10,3
DA:11,3
DA:12,3
DA:13,3
DA:15,3
DA:16,1
DA:17,1
DA:18,0
DA:21,3
DA:22,1
DA:23,1
DA:24,0
DA:25,0
DA:29,1
DA:31,2
LF:19
LH:16
BRDA:11,0,0,0
BRDA:11,0,1,3
BRDA:11,1,0,3
BRDA:11,1,1,3
BRDA:12,2,0,0
BRDA:12,2,1,3
BRDA:12,3,0,3
BRDA:12,3,1,3
BRDA:15,4,0,1
BRDA:16,5,0,1
BRDA:16,5,1,0
BRDA:21,6,0,1
BRDA:21,7,0,3
BRDA:21,7,1,1
BRDA:24,8,0,0
BRDA:24,8,1,0
BRDA:24,9,0,0
BRDA:24,9,1,0
BRDA:25,10,0,0
BRDA:25,10,1,0
BRDA:25,11,0,0
BRDA:25,11,1,0
BRF:22
BRH:11
end_of_record
TN:
SF:src/scripts/movePlayer.ts
FN:1,movePlayer
FNF:1
FNH:1
FNDA:5,movePlayer
DA:1,1
DA:6,5
DA:7,5
DA:9,5
DA:10,1
DA:13,4
DA:19,3
DA:20,3
DA:21,3
DA:22,3
DA:24,3
DA:25,3
DA:28,1
LF:13
LH:13
BRDA:9,0,0,1
BRDA:9,1,0,5
BRDA:9,1,1,3
BRDA:13,2,0,3
BRDA:14,3,0,4
BRDA:14,3,1,2
BRDA:14,3,2,0
BRDA:14,3,3,2
BRDA:14,3,4,1
BRDA:14,3,5,1
BRDA:19,4,0,3
BRDA:20,5,0,0
BRDA:20,5,1,3
BRDA:20,6,0,3
BRDA:20,6,1,3
BRDA:21,7,0,0
BRDA:21,7,1,3
BRDA:21,8,0,3
BRDA:21,8,1,3
BRF:19
BRH:16
end_of_record
TN:
SF:src/scripts/smartKiller.ts
FN:3,smartKiller
FNF:1
FNH:1
FNDA:8,smartKiller
DA:1,2
DA:3,2
DA:7,8
DA:12,0
DA:14,8
DA:19,0
DA:21,8
DA:26,0
DA:28,8
DA:30,6
DA:31,6
DA:33,0
DA:35,2
DA:37,2
DA:38,2
DA:40,0
DA:43,0
DA:44,0
DA:45,0
DA:46,0
DA:48,0
DA:50,0
DA:51,0
DA:53,0
LF:24
LH:11
BRDA:7,0,0,0
BRDA:9,1,0,8
BRDA:9,1,1,6
BRDA:14,2,0,0
BRDA:16,3,0,8
BRDA:16,3,1,6
BRDA:17,4,0,6
BRDA:17,4,1,0
BRDA:21,5,0,0
BRDA:23,6,0,8
BRDA:23,6,1,2
BRDA:24,7,0,2
BRDA:24,7,1,0
BRDA:28,8,0,6
BRDA:30,9,0,6
BRDA:35,10,0,2
BRDA:37,11,0,2
BRDA:44,12,0,0
BRDA:45,13,0,0
BRDA:50,14,0,0
BRF:20
BRH:12
end_of_record
TN:
SF:src/scripts/turnCounter.ts
FN:3,(anonymous_0)
FN:6,(anonymous_1)
FNF:2
FNH:2
FNDA:7,(anonymous_0)
FNDA:8,(anonymous_1)
DA:1,2
DA:4,7
DA:7,8
DA:11,2
LF:4
LH:4
BRF:0
BRH:0
end_of_record
