TN:
SF:src/scripts/deleteHouse.ts
FN:3,deleteHouse
FNF:1
FNH:1
FNDA:3,deleteHouse
DA:1,1
DA:3,1
DA:8,3
DA:9,0
DA:11,9
DA:12,6
DA:13,6
LF:7
LH:6
BRDA:8,0,0,3
BRDA:8,0,1,0
BRDA:8,1,0,3
BRDA:8,1,1,0
BRF:4
BRH:2
end_of_record
TN:
SF:src/scripts/getRandomInt.ts
FN:1,getRandomInt
FNF:1
FNH:1
FNDA:12,getRandomInt
DA:1,2
DA:2,12
LF:2
LH:2
BRF:0
BRH:0
end_of_record
TN:
SF:src/scripts/moveKiller.ts
FN:3,moveKiller
FNF:1
FNH:1
FNDA:4,moveKiller
DA:1,1
DA:3,1
DA:8,4
DA:9,4
DA:10,4
DA:14,2
DA:15,2
DA:16,2
DA:18,2
DA:22,2
DA:23,2
DA:26,2
DA:28,0
LF:13
LH:12
BRDA:10,0,0,2
BRDA:11,1,0,4
BRDA:11,1,1,2
BRDA:11,1,2,0
BRDA:14,2,0,1
BRDA:14,2,1,1
BRDA:14,3,0,2
BRDA:14,3,1,1
BRDA:15,4,0,2
BRDA:15,4,1,0
BRDA:15,5,0,2
BRDA:15,5,1,0
BRDA:18,6,0,2
BRDA:19,7,0,2
BRDA:19,7,1,2
BRDA:19,7,2,2
BRDA:22,8,0,1
BRDA:22,8,1,1
BRDA:22,9,0,2
BRDA:22,9,1,1
BRDA:23,10,0,2
BRDA:23,10,1,0
BRDA:23,11,0,2
BRDA:23,11,1,0
BRF:24
BRH:19
end_of_record
